{"numFailedTestSuites":1,"numFailedTests":1,"numPassedTestSuites":1,"numPassedTests":1,"numPendingTestSuites":0,"numPendingTests":0,"numRuntimeErrorTestSuites":0,"numTodoTests":0,"numTotalTestSuites":2,"numTotalTests":2,"openHandles":[],"snapshot":{"added":0,"didUpdate":false,"failure":true,"filesAdded":0,"filesRemoved":0,"filesRemovedList":[],"filesUnmatched":1,"filesUpdated":0,"matched":3,"total":4,"unchecked":0,"uncheckedKeysByFile":[],"unmatched":1,"updated":0},"startTime":1600428523951,"success":false,"testResults":[{"assertionResults":[{"ancestorTitles":[],"failureMessages":[],"fullName":"Link changes the class when hovered","location":null,"status":"passed","title":"Link changes the class when hovered"}],"endTime":1600428526478,"message":"","name":"D:\\Project\\synsoft\\test-project\\test-3\\ReactTask\\src\\component\\link.test.tsx","startTime":1600428525064,"status":"passed","summary":""},{"assertionResults":[{"ancestorTitles":[],"failureMessages":["Error: expect(received).toMatchSnapshot()\n\nSnapshot name: `Rendered in Dom 1`\n\n- Snapshot\n+ Received\n\n@@ -14,22 +14,22 @@\n            \"top\": 0,\n          }\n        }\n      >\n        <div\n-         className=\"makeStyles-headerView-13\"\n+         className=\"makeStyles-headerView-14\"\n        >\n          <div\n-           className=\"makeStyles-canvasHeader-15\"\n+           className=\"makeStyles-canvasHeader-16\"\n          >\n             \n            Drag and Drop\n             \n          </div>\n        </div>\n        <div\n-         className=\"DropTarget(TargetBox)-targetLeft-17\"\n+         className=\"DropTarget(TargetBox)-targetLeft-18\"\n          style={\n            Object {\n              \"bottom\": 0,\n              \"left\": 30,\n              \"position\": \"absolute\",\n@@ -41,14 +41,14 @@\n          <div\n            className=\"MuiGrid-root MuiGrid-container MuiGrid-spacing-xs-3 MuiGrid-item MuiGrid-grid-xs-12\"\n          />\n        </div>\n        <div\n-         className=\"makeStyles-floationgBtnCss-7\"\n+         className=\"makeStyles-floationgBtnCss-8\"\n        >\n          <div\n-           className=\"makeStyles-text-6\"\n+           className=\"makeStyles-text-7\"\n            onClick={[Function]}\n          >\n            +\n          </div>\n        </div>\n    at Object.<anonymous> (D:\\Project\\synsoft\\test-project\\test-3\\ReactTask\\src\\component\\Design\\index.test.tsx:9:16)\n    at Object.asyncJestTest (D:\\Project\\synsoft\\test-project\\test-3\\ReactTask\\node_modules\\jest-jasmine2\\build\\jasmineAsyncInstall.js:102:37)\n    at D:\\Project\\synsoft\\test-project\\test-3\\ReactTask\\node_modules\\jest-jasmine2\\build\\queueRunner.js:43:12\n    at new Promise (<anonymous>)\n    at mapper (D:\\Project\\synsoft\\test-project\\test-3\\ReactTask\\node_modules\\jest-jasmine2\\build\\queueRunner.js:26:19)\n    at D:\\Project\\synsoft\\test-project\\test-3\\ReactTask\\node_modules\\jest-jasmine2\\build\\queueRunner.js:73:41\n    at processTicksAndRejections (internal/process/task_queues.js:97:5)"],"fullName":"Rendered in Dom","location":null,"status":"failed","title":"Rendered in Dom"}],"endTime":1600428529028,"message":"  ● Rendered in Dom\n\n    expect(received).toMatchSnapshot()\n\n    Snapshot name: `Rendered in Dom 1`\n\n    - Snapshot\n    + Received\n\n    @@ -14,22 +14,22 @@\n                \"top\": 0,\n              }\n            }\n          >\n            <div\n    -         className=\"makeStyles-headerView-13\"\n    +         className=\"makeStyles-headerView-14\"\n            >\n              <div\n    -           className=\"makeStyles-canvasHeader-15\"\n    +           className=\"makeStyles-canvasHeader-16\"\n              >\n                 \n                Drag and Drop\n                 \n              </div>\n            </div>\n            <div\n    -         className=\"DropTarget(TargetBox)-targetLeft-17\"\n    +         className=\"DropTarget(TargetBox)-targetLeft-18\"\n              style={\n                Object {\n                  \"bottom\": 0,\n                  \"left\": 30,\n                  \"position\": \"absolute\",\n    @@ -41,14 +41,14 @@\n              <div\n                className=\"MuiGrid-root MuiGrid-container MuiGrid-spacing-xs-3 MuiGrid-item MuiGrid-grid-xs-12\"\n              />\n            </div>\n            <div\n    -         className=\"makeStyles-floationgBtnCss-7\"\n    +         className=\"makeStyles-floationgBtnCss-8\"\n            >\n              <div\n    -           className=\"makeStyles-text-6\"\n    +           className=\"makeStyles-text-7\"\n                onClick={[Function]}\n              >\n                +\n              </div>\n            </div>\n\n       7 |   const component = renderer.create(<Canvas />);\n       8 |   let tree = component.toJSON();\n    >  9 |   expect(tree).toMatchSnapshot();\n         |                ^\n      10 | });\n      11 | \n\n      at Object.<anonymous> (src/component/Design/index.test.tsx:9:16)\n","name":"D:\\Project\\synsoft\\test-project\\test-3\\ReactTask\\src\\component\\Design\\index.test.tsx","startTime":1600428525048,"status":"failed","summary":""}],"wasInterrupted":false}